#
# A fatal error has been detected by the Java Runtime Environment:
#
#  EXCEPTION_ACCESS_VIOLATION (0xc0000005) at pc=0x00007ffcb3a06bf0, pid=5112, tid=10784
#
# JRE version: OpenJDK Runtime Environment AdoptOpenJDK (11.0.10+9) (build 11.0.10+9)
# Java VM: OpenJDK 64-Bit Server VM AdoptOpenJDK (11.0.10+9, mixed mode, tiered, compressed oops, parallel gc, windows-amd64)
# Problematic frame:
# V  [jvm.dll+0x616bf0]
#
# No core dump will be written. Minidumps are not enabled by default on client versions of Windows
#
# If you would like to submit a bug report, please visit:
#   https://github.com/AdoptOpenJDK/openjdk-support/issues
#

---------------  S U M M A R Y ------------

Command Line: --add-modules=ALL-SYSTEM --add-opens=java.base/java.util=ALL-UNNAMED --add-opens=java.base/java.lang=ALL-UNNAMED -Declipse.application=org.eclipse.jdt.ls.core.id1 -Dosgi.bundles.defaultStartLevel=4 -Declipse.product=org.eclipse.jdt.ls.core.product -Dfile.encoding=utf8 -DwatchParentProcess=false -XX:+UseParallelGC -XX:GCTimeRatio=4 -XX:AdaptiveSizePolicyWeight=90 -Dsun.zip.disableMemoryMapping=true -Xmx1G -Xms100m -Xverify:none c:\Users\tech coordinator\.vscode\extensions\redhat.java-0.75.0\server\plugins\org.eclipse.equinox.launcher_1.6.0.v20200915-1508.jar -configuration c:\Users\tech coordinator\AppData\Roaming\Code\User\globalStorage\redhat.java\0.75.0\config_win -data c:\Users\tech coordinator\AppData\Roaming\Code\User\workspaceStorage\c57c81817d113da2eaee986a0ae9473c\redhat.java\jdt_ws

Host: Intel(R) Core(TM) i5-3470S CPU @ 2.90GHz, 4 cores, 7G,  Windows 10 , 64 bit Build 17134 (10.0.17134.1425)
Time: Thu Mar  4 13:54:04 2021 Central Standard Time elapsed time: 2899.236107 seconds (0d 0h 48m 19s)

---------------  T H R E A D  ---------------

Current thread (0x0000022e11b0f000):  GCTaskThread "ParGC Thread#3" [stack: 0x0000005532f00000,0x0000005533000000] [id=10784]

Stack: [0x0000005532f00000,0x0000005533000000],  sp=0x0000005532fff9e0,  free space=1022k
Native frames: (J=compiled Java code, j=interpreted, Vv=VM code, C=native code)
V  [jvm.dll+0x616bf0]
V  [jvm.dll+0x62be5e]
V  [jvm.dll+0x62b62e]
V  [jvm.dll+0x617994]
V  [jvm.dll+0x311f2a]
V  [jvm.dll+0x739ba4]
V  [jvm.dll+0x5f2466]
C  [ucrtbase.dll+0x1e3fe]
C  [KERNEL32.DLL+0x14034]
C  [ntdll.dll+0x73691]


siginfo: EXCEPTION_ACCESS_VIOLATION (0xc0000005), reading address 0xffffffffffffffff


Register to memory mapping:

RIP=0x00007ffcb3a06bf0 jvm.dll
RAX=0x1fffffffe8000002 is an unknown value
RBX=0x0000000000000010 is an unknown value
RCX=0x0000000000000002 is an unknown value
RDX=0x00000000c5d68228 is pointing into object: org.eclipse.jdt.internal.compiler.lookup.PlainPackageBinding 
{0x00000000c5d68200} - klass: 'org/eclipse/jdt/internal/compiler/lookup/PlainPackageBinding'
RSP=0x0000005532fff9e0 points into unknown readable memory: 0x0000022e7f38ca38 | 38 ca 38 7f 2e 02 00 00
RBP=0x000000010025be90 is pointing into metadata
RSI=0x00000000c5d68238 is an oop: [[C 
{0x00000000c5d68238} - klass: {type array char}[]
 - length: 4
RDI=0x0000022e75c85ba0 points into unknown readable memory: 0x0000022e00011740 | 40 17 01 00 2e 02 00 00
R8 =0x0000022e0f000000 points into unknown readable memory: 0x0000000005112091 | 91 20 11 05 00 00 00 00
R9 =0x007fffffffa00000 is an unknown value
R10=0x0000000000000001 is an unknown value
R11=0x0000000000000004 is an unknown value
R12=0x00000000000003d8 is an unknown value
R13=0x0 is NULL
R14=0x000000010025be98 is a pointer to class: 
R15=0x00000000c5d68200 is an oop: org.eclipse.jdt.internal.compiler.lookup.PlainPackageBinding 
{0x00000000c5d68200} - klass: 'org/eclipse/jdt/internal/compiler/lookup/PlainPackageBinding'


Registers:
RAX=0x1fffffffe8000002, RBX=0x0000000000000010, RCX=0x0000000000000002, RDX=0x00000000c5d68228
RSP=0x0000005532fff9e0, RBP=0x000000010025be90, RSI=0x00000000c5d68238, RDI=0x0000022e75c85ba0
R8 =0x0000022e0f000000, R9 =0x007fffffffa00000, R10=0x0000000000000001, R11=0x0000000000000004
R12=0x00000000000003d8, R13=0x0000000000000000, R14=0x000000010025be98, R15=0x00000000c5d68200
RIP=0x00007ffcb3a06bf0, EFLAGS=0x0000000000010206

Top of Stack: (sp=0x0000005532fff9e0)
0x0000005532fff9e0:   0000022e7f38ca38 00000000c5d68238
0x0000005532fff9f0:   00000000c5d68048 0000000000000004
0x0000005532fffa00:   0000022e75c85ba0 00007ffcb3a1be5e
0x0000005532fffa10:   00000000c5d68228 00007ffcb3a06d8b
0x0000005532fffa20:   0000022e7f38ca58 00000000c5d68048
0x0000005532fffa30:   0000022e11064788 0000022e75c85c20
0x0000005532fffa40:   0000022e7eb7c0e0 00007ffcb3a1b62e
0x0000005532fffa50:   000000000001173f 0000005532fffad0
0x0000005532fffa60:   0000022e75c85ba0 0000022e7eb7c0e0
0x0000005532fffa70:   0000000000000000 0000000000000000
0x0000005532fffa80:   0000000000000000 0000000000000000
0x0000005532fffa90:   0000000000000000 0000000000000000
0x0000005532fffaa0:   0000000000000000 0000000000000000
0x0000005532fffab0:   0000000000000000 0000022e75bb9000
0x0000005532fffac0:   0000022e11b0cc01 00000000000003d8
0x0000005532fffad0:   0000022e11064788 0000022e110643b0 

Instructions: (pc=0x00007ffcb3a06bf0)
0x00007ffcb3a06af0:   49 63 08 48 8b d1 48 03 d2 8d 41 ff 41 89 00 49
0x00007ffcb3a06b00:   8b 40 18 0f 10 4c d0 f0 66 0f 6f c1 66 48 0f 7e
0x00007ffcb3a06b10:   c8 66 0f 73 d8 08 66 0f d6 45 60 48 8b 4d 60 48
0x00007ffcb3a06b20:   89 08 4c 8b 45 58 41 83 38 00 75 c4 eb 16 48 83
0x00007ffcb3a06b30:   3d f2 96 45 00 00 74 0c 48 8d 0d 79 70 2b 00 e8
0x00007ffcb3a06b40:   bc 00 d8 ff 48 8d 4c 24 20 e8 62 80 af ff 48 8d
0x00007ffcb3a06b50:   4c 24 70 e8 58 80 af ff 48 81 c4 38 01 00 00 5e
0x00007ffcb3a06b60:   5d c3 cc cc cc cc cc cc cc cc cc cc cc cc cc cc
0x00007ffcb3a06b70:   89 11 48 8b c1 44 89 41 04 44 89 49 08 c7 41 0c
0x00007ffcb3a06b80:   00 00 00 00 c3 cc cc cc cc cc cc cc cc cc cc cc
0x00007ffcb3a06b90:   48 63 01 48 03 42 20 c3 cc cc cc cc cc cc cc cc
0x00007ffcb3a06ba0:   40 57 48 83 ec 20 8b 02 48 8b f9 85 c0 74 67 8b
0x00007ffcb3a06bb0:   0d 53 d8 40 00 4c 8b 05 04 03 47 00 48 89 5c 24
0x00007ffcb3a06bc0:   30 8b d8 48 d3 e3 48 03 1d 33 d8 40 00 8b 0d 95
0x00007ffcb3a06bd0:   0a 3f 00 48 8b c3 49 2b 00 4d 8b 40 10 48 c1 e8
0x00007ffcb3a06be0:   03 48 d3 e8 4c 8b c8 24 3f 49 c1 e9 06 0f b6 c8
0x00007ffcb3a06bf0:   4b 8b 04 c8 48 0f a3 c8 72 17 48 8b cb e8 8e 0f
0x00007ffcb3a06c00:   00 00 84 c0 74 0b 48 8b d3 48 8b cf e8 af 10 00
0x00007ffcb3a06c10:   00 48 8b 5c 24 30 48 83 c4 20 5f c3 cc cc cc cc
0x00007ffcb3a06c20:   48 89 5c 24 08 57 48 83 ec 20 48 8b 1a 48 8b f9
0x00007ffcb3a06c30:   48 85 db 74 4b 4c 8b 05 84 02 47 00 48 8b c3 8b
0x00007ffcb3a06c40:   0d 23 0a 3f 00 49 2b 00 4d 8b 40 10 48 c1 e8 03
0x00007ffcb3a06c50:   48 d3 e8 4c 8b c8 24 3f 49 c1 e9 06 0f b6 c8 4b
0x00007ffcb3a06c60:   8b 04 c8 48 0f a3 c8 72 17 48 8b cb e8 1f 0f 00
0x00007ffcb3a06c70:   00 84 c0 74 0b 48 8b d3 48 8b cf e8 40 10 00 00
0x00007ffcb3a06c80:   48 8b 5c 24 30 48 83 c4 20 5f c3 cc cc cc cc cc
0x00007ffcb3a06c90:   48 89 5c 24 08 48 89 6c 24 10 48 89 74 24 18 48
0x00007ffcb3a06ca0:   89 7c 24 20 41 56 48 83 ec 20 44 0f b6 15 af 84
0x00007ffcb3a06cb0:   45 00 4d 8b f0 45 84 d2 4c 63 ca bb 10 00 00 00
0x00007ffcb3a06cc0:   41 b8 0c 00 00 00 8b c3 41 0f 45 c0 41 b8 00 08
0x00007ffcb3a06cd0:   00 00 4c 63 1c 08 49 8b c3 49 2b c1 49 3b c0 4c
0x00007ffcb3a06ce0:   0f 42 c0 b8 18 00 00 00 4d 03 c1 45 84 d2 0f 45 


Stack slot to memory mapping:
stack at sp + 0 slots: 0x0000022e7f38ca38 points into unknown readable memory: 0x00000000c5d68238 | 38 82 d6 c5 00 00 00 00
stack at sp + 1 slots: 0x00000000c5d68238 is an oop: [[C 
{0x00000000c5d68238} - klass: {type array char}[]
 - length: 4
stack at sp + 2 slots: 0x00000000c5d68048 is an oop: [C 
{0x00000000c5d68048} - klass: {type array char}
 - length: 5
stack at sp + 3 slots: 0x0000000000000004 is an unknown value
stack at sp + 4 slots: 0x0000022e75c85ba0 points into unknown readable memory: 0x0000022e00011740 | 40 17 01 00 2e 02 00 00
stack at sp + 5 slots: 0x00007ffcb3a1be5e jvm.dll
stack at sp + 6 slots: 0x00000000c5d68228 is pointing into object: org.eclipse.jdt.internal.compiler.lookup.PlainPackageBinding 
{0x00000000c5d68200} - klass: 'org/eclipse/jdt/internal/compiler/lookup/PlainPackageBinding'
stack at sp + 7 slots: 0x00007ffcb3a06d8b jvm.dll


---------------  P R O C E S S  ---------------

Threads class SMR info:
_java_thread_list=0x0000022e1ec7a820, length=28, elements={
0x0000022e75bb9000, 0x0000022e75c89800, 0x0000022e7ec50000, 0x0000022e11042800,
0x0000022e7ec5c800, 0x0000022e7ec60800, 0x0000022e7ec61000, 0x0000022e7ec62800,
0x0000022e7ec9e000, 0x0000022e11168000, 0x0000022e116c4800, 0x0000022e118ea800,
0x0000022e118f1800, 0x0000022e11b33000, 0x0000022e122f3800, 0x0000022e123af000,
0x0000022e12827800, 0x0000022e1282c000, 0x0000022e1282d000, 0x0000022e148e9800,
0x0000022e148ec800, 0x0000022e148e8800, 0x0000022e148ea000, 0x0000022e148e6000,
0x0000022e148e5800, 0x0000022e148e7800, 0x0000022e148f4000, 0x0000022e148eb000
}

Java Threads: ( => current thread )
  0x0000022e75bb9000 JavaThread "main" [_thread_blocked, id=8488, stack(0x0000005531c00000,0x0000005531d00000)]
  0x0000022e75c89800 JavaThread "Reference Handler" daemon [_thread_blocked, id=10748, stack(0x0000005531f00000,0x0000005532000000)]
  0x0000022e7ec50000 JavaThread "Finalizer" daemon [_thread_blocked, id=6016, stack(0x0000005532000000,0x0000005532100000)]
  0x0000022e11042800 JavaThread "Signal Dispatcher" daemon [_thread_blocked, id=9916, stack(0x0000005532100000,0x0000005532200000)]
  0x0000022e7ec5c800 JavaThread "Attach Listener" daemon [_thread_blocked, id=9692, stack(0x0000005532200000,0x0000005532300000)]
  0x0000022e7ec60800 JavaThread "Service Thread" daemon [_thread_blocked, id=6876, stack(0x0000005532300000,0x0000005532400000)]
  0x0000022e7ec61000 JavaThread "C2 CompilerThread0" daemon [_thread_blocked, id=4828, stack(0x0000005532400000,0x0000005532500000)]
  0x0000022e7ec62800 JavaThread "C1 CompilerThread0" daemon [_thread_blocked, id=5504, stack(0x0000005532500000,0x0000005532600000)]
  0x0000022e7ec9e000 JavaThread "Sweeper thread" daemon [_thread_blocked, id=8504, stack(0x0000005532600000,0x0000005532700000)]
  0x0000022e11168000 JavaThread "Common-Cleaner" daemon [_thread_blocked, id=8580, stack(0x0000005532700000,0x0000005532800000)]
  0x0000022e116c4800 JavaThread "Active Thread: Equinox Container: 3b6b47a7-ee5b-4624-9f80-04ff698fe391" [_thread_blocked, id=10140, stack(0x0000005532a00000,0x0000005532b00000)]
  0x0000022e118ea800 JavaThread "Framework Event Dispatcher: Equinox Container: 3b6b47a7-ee5b-4624-9f80-04ff698fe391" daemon [_thread_blocked, id=5784, stack(0x0000005532b00000,0x0000005532c00000)]
  0x0000022e118f1800 JavaThread "Start Level: Equinox Container: 3b6b47a7-ee5b-4624-9f80-04ff698fe391" daemon [_thread_blocked, id=2044, stack(0x0000005532c00000,0x0000005532d00000)]
  0x0000022e11b33000 JavaThread "SCR Component Actor" daemon [_thread_blocked, id=6416, stack(0x0000005533000000,0x0000005533100000)]
  0x0000022e122f3800 JavaThread "Bundle File Closer" daemon [_thread_blocked, id=8080, stack(0x0000005533200000,0x0000005533300000)]
  0x0000022e123af000 JavaThread "Worker-JM" [_thread_blocked, id=6192, stack(0x0000005533300000,0x0000005533400000)]
  0x0000022e12827800 JavaThread "Java indexing" daemon [_thread_blocked, id=8472, stack(0x0000005533600000,0x0000005533700000)]
  0x0000022e1282c000 JavaThread "logback configurator timer" daemon [_thread_blocked, id=4880, stack(0x0000005533800000,0x0000005533900000)]
  0x0000022e1282d000 JavaThread "pool-2-thread-1" [_thread_in_native, id=308, stack(0x0000005533700000,0x0000005533800000)]
  0x0000022e148e9800 JavaThread "ForkJoinPool.commonPool-worker-1" daemon [_thread_blocked, id=1340, stack(0x0000005531a00000,0x0000005531b00000)]
  0x0000022e148ec800 JavaThread "Worker-14" [_thread_blocked, id=9280, stack(0x0000005533b00000,0x0000005533c00000)]
  0x0000022e148e8800 JavaThread "ForkJoinPool.commonPool-worker-7" daemon [_thread_blocked, id=1528, stack(0x0000005531b00000,0x0000005531c00000)]
  0x0000022e148ea000 JavaThread "ForkJoinPool.commonPool-worker-3" daemon [_thread_blocked, id=2988, stack(0x0000005533100000,0x0000005533200000)]
  0x0000022e148e6000 JavaThread "Worker-18" [_thread_blocked, id=4872, stack(0x0000005532900000,0x0000005532a00000)]
  0x0000022e148e5800 JavaThread "Worker-19" [_thread_blocked, id=10244, stack(0x0000005533500000,0x0000005533600000)]
  0x0000022e148e7800 JavaThread "Worker-20" [_thread_blocked, id=744, stack(0x0000005533c00000,0x0000005533d00000)]
  0x0000022e148f4000 JavaThread "Worker-22" [_thread_blocked, id=3952, stack(0x0000005534300000,0x0000005534400000)]
  0x0000022e148eb000 JavaThread "pool-46-thread-1" [_thread_blocked, id=4080, stack(0x0000005534100000,0x0000005534200000)]

Other Threads:
  0x0000022e7ec3f800 VMThread "VM Thread" [stack: 0x0000005531e00000,0x0000005531f00000] [id=10792]
  0x0000022e1124c000 WatcherThread [stack: 0x0000005532800000,0x0000005532900000] [id=7932]
  0x0000022e75bd2800 GCTaskThread "ParGC Thread#0" [stack: 0x0000005531d00000,0x0000005531e00000] [id=2584]
  0x0000022e118f2000 GCTaskThread "ParGC Thread#1" [stack: 0x0000005532d00000,0x0000005532e00000] [id=6780]
  0x0000022e11b0e800 GCTaskThread "ParGC Thread#2" [stack: 0x0000005532e00000,0x0000005532f00000] [id=9840]
=>0x0000022e11b0f000 GCTaskThread "ParGC Thread#3" [stack: 0x0000005532f00000,0x0000005533000000] [id=10784]

Threads with active compile tasks:

VM state:at safepoint (normal execution)

VM Mutex/Monitor currently owned by a thread:  ([mutex/lock_event])
[0x0000022e75bb7710] Threads_lock - owner thread: 0x0000022e7ec3f800
[0x0000022e75bb8c70] Heap_lock - owner thread: 0x0000022e148e9800

Heap address: 0x00000000c0000000, size: 1024 MB, Compressed Oops mode: 32-bit
Narrow klass base: 0x0000000000000000, Narrow klass shift: 3
Compressed class space size: 1073741824 Address: 0x0000000100000000

Heap:
 PSYoungGen      total 1536K, used 1005K [0x00000000eab00000, 0x00000000eb600000, 0x0000000100000000)
  eden space 512K, 0% used [0x00000000eab00000,0x00000000eab00000,0x00000000eab80000)
  from space 1024K, 98% used [0x00000000eaf80000,0x00000000eb07b5c0,0x00000000eb080000)
  to   space 4096K, 0% used [0x00000000eab80000,0x00000000eab80000,0x00000000eaf80000)
 ParOldGen       total 107520K, used 107314K [0x00000000c0000000, 0x00000000c6900000, 0x00000000eab00000)
  object space 107520K, 99% used [0x00000000c0000000,0x00000000c68cc930,0x00000000c6900000)
 Metaspace       used 79473K, capacity 82662K, committed 82944K, reserved 1124352K
  class space    used 7256K, capacity 8385K, committed 8448K, reserved 1048576K

Card table byte_map: [0x0000022e75570000,0x0000022e75780000] _byte_map_base: 0x0000022e74f70000

Marking Bits: (ParMarkBitMap*) 0x00007ffcb3e770c0
 Begin Bits: [0x0000022e0f000000, 0x0000022e10000000)
 End Bits:   [0x0000022e10000000, 0x0000022e11000000)

Polling page: 0x0000022e73b30000

Metaspace:

Usage:
  Non-class:     72.54 MB capacity,    70.52 MB ( 97%) used,     1.84 MB (  3%) free+waste,   174.00 KB ( <1%) overhead. 
      Class:      8.19 MB capacity,     7.09 MB ( 87%) used,     1.03 MB ( 13%) free+waste,    70.06 KB ( <1%) overhead. 
       Both:     80.72 MB capacity,    77.61 MB ( 96%) used,     2.88 MB (  4%) free+waste,   244.06 KB ( <1%) overhead. 

Virtual space:
  Non-class space:       74.00 MB reserved,      72.75 MB ( 98%) committed 
      Class space:        1.00 GB reserved,       8.25 MB ( <1%) committed 
             Both:        1.07 GB reserved,      81.00 MB (  7%) committed 

Chunk freelists:
   Non-Class:  27.00 KB
       Class:  63.00 KB
        Both:  90.00 KB

MaxMetaspaceSize: 17179869184.00 GB
CompressedClassSpaceSize: 1.00 GB

CodeHeap 'non-profiled nmethods': size=120064Kb used=19735Kb max_used=19735Kb free=100329Kb
 bounds [0x0000022e07ac0000, 0x0000022e08e10000, 0x0000022e0f000000]
CodeHeap 'profiled nmethods': size=120000Kb used=39539Kb max_used=39539Kb free=80460Kb
 bounds [0x0000022e00590000, 0x0000022e02c80000, 0x0000022e07ac0000]
CodeHeap 'non-nmethods': size=5696Kb used=1298Kb max_used=1417Kb free=4397Kb
 bounds [0x0000022e00000000, 0x0000022e00270000, 0x0000022e00590000]
 total_blobs=16907 nmethods=16213 adapters=602
 compilation: enabled
              stopped_count=0, restarted_count=0
 full_count=0

Compilation events (20 events):
Event: 2894.009 Thread 0x0000022e7ec61000 21489       4       org.eclipse.jdt.internal.compiler.lookup.ReferenceBinding::shortReadableName (165 bytes)
Event: 2894.043 Thread 0x0000022e7ec61000 nmethod 21489 0x0000022e08e04a10 code [0x0000022e08e04c60, 0x0000022e08e06140]
Event: 2894.050 Thread 0x0000022e7ec61000 21490       4       org.eclipse.jdt.internal.compiler.ast.MessageSend::resolveType (2056 bytes)
Event: 2894.170 Thread 0x0000022e7ec61000 nmethod 21490 0x0000022e08e06b90 code [0x0000022e08e071e0, 0x0000022e08e0a758]
Event: 2894.333 Thread 0x0000022e7ec62800 21491       1       org.eclipse.core.internal.resources.WorkspaceDescription::isApplyFileStatePolicy (5 bytes)
Event: 2894.333 Thread 0x0000022e7ec62800 nmethod 21491 0x0000022e08e0da90 code [0x0000022e08e0dc40, 0x0000022e08e0dcf8]
Event: 2894.333 Thread 0x0000022e7ec61000 21494       4       org.eclipse.jdt.internal.core.JavaModelOperation::isCanceled (17 bytes)
Event: 2894.333 Thread 0x0000022e7ec62800 21492       1       org.eclipse.core.internal.resources.WorkspaceDescription::getMaxFileStateSize (5 bytes)
Event: 2894.333 Thread 0x0000022e7ec62800 nmethod 21492 0x0000022e08e0dd90 code [0x0000022e08e0df40, 0x0000022e08e0dff8]
Event: 2894.333 Thread 0x0000022e7ec62800 21493       1       org.eclipse.core.internal.resources.WorkspaceDescription::getDeltaExpiration (5 bytes)
Event: 2894.333 Thread 0x0000022e7ec62800 nmethod 21493 0x0000022e08e0e090 code [0x0000022e08e0e240, 0x0000022e08e0e2f8]
Event: 2894.335 Thread 0x0000022e7ec61000 nmethod 21494 0x0000022e08e0e390 code [0x0000022e08e0e520, 0x0000022e08e0e5f8]
Event: 2894.400 Thread 0x0000022e7ec62800 21495   !   3       org.eclipse.jdt.internal.core.SourceTypeElementInfo::getInitializers (101 bytes)
Event: 2894.401 Thread 0x0000022e7ec62800 nmethod 21495 0x0000022e02c71190 code [0x0000022e02c713c0, 0x0000022e02c71ef8]
Event: 2894.403 Thread 0x0000022e7ec61000 21496       4       org.eclipse.jdt.internal.core.hierarchy.HierarchyResolver::subTypeOfType (107 bytes)
Event: 2894.405 Thread 0x0000022e7ec62800 21497       3       org.eclipse.core.runtime.ProgressMonitorWrapper::setTaskName (11 bytes)
Event: 2894.405 Thread 0x0000022e7ec62800 nmethod 21497 0x0000022e02426210 code [0x0000022e024263c0, 0x0000022e02426588]
Event: 2894.410 Thread 0x0000022e7ec62800 21498   !   3       org.eclipse.jdt.internal.core.manipulation.StubUtility::getLineDelimiterUsed (47 bytes)
Event: 2894.411 Thread 0x0000022e7ec62800 nmethod 21498 0x0000022e02c72290 code [0x0000022e02c72580, 0x0000022e02c735b8]
Event: 2894.420 Thread 0x0000022e7ec61000 nmethod 21496 0x0000022e08e0e710 code [0x0000022e08e0e980, 0x0000022e08e0f3f0]

GC Heap History (20 events):
Event: 2894.368 GC heap after
{Heap after GC invocations=4201 (full 108):
 PSYoungGen      total 1536K, used 544K [0x00000000eab00000, 0x00000000eae00000, 0x0000000100000000)
  eden space 512K, 0% used [0x00000000eab00000,0x00000000eab00000,0x00000000eab80000)
  from space 1024K, 53% used [0x00000000eab80000,0x00000000eac08000,0x00000000eac80000)
  to   space 1024K, 0% used [0x00000000ead00000,0x00000000ead00000,0x00000000eae00000)
 ParOldGen       total 107520K, used 98864K [0x00000000c0000000, 0x00000000c6900000, 0x00000000eab00000)
  object space 107520K, 91% used [0x00000000c0000000,0x00000000c608c030,0x00000000c6900000)
 Metaspace       used 79469K, capacity 82662K, committed 82944K, reserved 1124352K
  class space    used 7256K, capacity 8385K, committed 8448K, reserved 1048576K
}
Event: 2894.371 GC heap before
{Heap before GC invocations=4202 (full 108):
 PSYoungGen      total 1536K, used 1055K [0x00000000eab00000, 0x00000000eae00000, 0x0000000100000000)
  eden space 512K, 99% used [0x00000000eab00000,0x00000000eab7ff88,0x00000000eab80000)
  from space 1024K, 53% used [0x00000000eab80000,0x00000000eac08000,0x00000000eac80000)
  to   space 1024K, 0% used [0x00000000ead00000,0x00000000ead00000,0x00000000eae00000)
 ParOldGen       total 107520K, used 98864K [0x00000000c0000000, 0x00000000c6900000, 0x00000000eab00000)
  object space 107520K, 91% used [0x00000000c0000000,0x00000000c608c030,0x00000000c6900000)
 Metaspace       used 79469K, capacity 82662K, committed 82944K, reserved 1124352K
  class space    used 7256K, capacity 8385K, committed 8448K, reserved 1048576K
}
Event: 2894.372 GC heap after
{Heap after GC invocations=4202 (full 108):
 PSYoungGen      total 2048K, used 512K [0x00000000eab00000, 0x00000000eae00000, 0x0000000100000000)
  eden space 1024K, 0% used [0x00000000eab00000,0x00000000eab00000,0x00000000eac00000)
  from space 1024K, 50% used [0x00000000ead00000,0x00000000ead80000,0x00000000eae00000)
  to   space 1024K, 0% used [0x00000000eac00000,0x00000000eac00000,0x00000000ead00000)
 ParOldGen       total 107520K, used 99360K [0x00000000c0000000, 0x00000000c6900000, 0x00000000eab00000)
  object space 107520K, 92% used [0x00000000c0000000,0x00000000c6108030,0x00000000c6900000)
 Metaspace       used 79469K, capacity 82662K, committed 82944K, reserved 1124352K
  class space    used 7256K, capacity 8385K, committed 8448K, reserved 1048576K
}
Event: 2894.378 GC heap before
{Heap before GC invocations=4203 (full 108):
 PSYoungGen      total 2048K, used 1536K [0x00000000eab00000, 0x00000000eae00000, 0x0000000100000000)
  eden space 1024K, 100% used [0x00000000eab00000,0x00000000eac00000,0x00000000eac00000)
  from space 1024K, 50% used [0x00000000ead00000,0x00000000ead80000,0x00000000eae00000)
  to   space 1024K, 0% used [0x00000000eac00000,0x00000000eac00000,0x00000000ead00000)
 ParOldGen       total 107520K, used 99360K [0x00000000c0000000, 0x00000000c6900000, 0x00000000eab00000)
  object space 107520K, 92% used [0x00000000c0000000,0x00000000c6108030,0x00000000c6900000)
 Metaspace       used 79469K, capacity 82662K, committed 82944K, reserved 1124352K
  class space    used 7256K, capacity 8385K, committed 8448K, reserved 1048576K
}
Event: 2894.379 GC heap after
{Heap after GC invocations=4203 (full 108):
 PSYoungGen      total 2048K, used 1024K [0x00000000eab00000, 0x00000000eb080000, 0x0000000100000000)
  eden space 1024K, 0% used [0x00000000eab00000,0x00000000eab00000,0x00000000eac00000)
  from space 1024K, 100% used [0x00000000eac00000,0x00000000ead00000,0x00000000ead00000)
  to   space 2048K, 0% used [0x00000000eae80000,0x00000000eae80000,0x00000000eb080000)
 ParOldGen       total 107520K, used 99872K [0x00000000c0000000, 0x00000000c6900000, 0x00000000eab00000)
  object space 107520K, 92% used [0x00000000c0000000,0x00000000c6188030,0x00000000c6900000)
 Metaspace       used 79469K, capacity 82662K, committed 82944K, reserved 1124352K
  class space    used 7256K, capacity 8385K, committed 8448K, reserved 1048576K
}
Event: 2894.385 GC heap before
{Heap before GC invocations=4204 (full 108):
 PSYoungGen      total 2048K, used 2048K [0x00000000eab00000, 0x00000000eb080000, 0x0000000100000000)
  eden space 1024K, 100% used [0x00000000eab00000,0x00000000eac00000,0x00000000eac00000)
  from space 1024K, 100% used [0x00000000eac00000,0x00000000ead00000,0x00000000ead00000)
  to   space 2048K, 0% used [0x00000000eae80000,0x00000000eae80000,0x00000000eb080000)
 ParOldGen       total 107520K, used 99872K [0x00000000c0000000, 0x00000000c6900000, 0x00000000eab00000)
  object space 107520K, 92% used [0x00000000c0000000,0x00000000c6188030,0x00000000c6900000)
 Metaspace       used 79469K, capacity 82662K, committed 82944K, reserved 1124352K
  class space    used 7256K, capacity 8385K, committed 8448K, reserved 1048576K
}
Event: 2894.387 GC heap after
{Heap after GC invocations=4204 (full 108):
 PSYoungGen      total 3072K, used 1056K [0x00000000eab00000, 0x00000000eb000000, 0x0000000100000000)
  eden space 1536K, 0% used [0x00000000eab00000,0x00000000eab00000,0x00000000eac80000)
  from space 1536K, 68% used [0x00000000eae80000,0x00000000eaf88000,0x00000000eb000000)
  to   space 1536K, 0% used [0x00000000ead00000,0x00000000ead00000,0x00000000eae80000)
 ParOldGen       total 107520K, used 100880K [0x00000000c0000000, 0x00000000c6900000, 0x00000000eab00000)
  object space 107520K, 93% used [0x00000000c0000000,0x00000000c6284030,0x00000000c6900000)
 Metaspace       used 79469K, capacity 82662K, committed 82944K, reserved 1124352K
  class space    used 7256K, capacity 8385K, committed 8448K, reserved 1048576K
}
Event: 2894.395 GC heap before
{Heap before GC invocations=4205 (full 108):
 PSYoungGen      total 3072K, used 2591K [0x00000000eab00000, 0x00000000eb000000, 0x0000000100000000)
  eden space 1536K, 99% used [0x00000000eab00000,0x00000000eac7ff90,0x00000000eac80000)
  from space 1536K, 68% used [0x00000000eae80000,0x00000000eaf88000,0x00000000eb000000)
  to   space 1536K, 0% used [0x00000000ead00000,0x00000000ead00000,0x00000000eae80000)
 ParOldGen       total 107520K, used 100880K [0x00000000c0000000, 0x00000000c6900000, 0x00000000eab00000)
  object space 107520K, 93% used [0x00000000c0000000,0x00000000c6284030,0x00000000c6900000)
 Metaspace       used 79469K, capacity 82662K, committed 82944K, reserved 1124352K
  class space    used 7256K, capacity 8385K, committed 8448K, reserved 1048576K
}
Event: 2894.398 GC heap after
{Heap after GC invocations=4205 (full 108):
 PSYoungGen      total 3584K, used 1536K [0x00000000eab00000, 0x00000000eb300000, 0x0000000100000000)
  eden space 2048K, 0% used [0x00000000eab00000,0x00000000eab00000,0x00000000ead00000)
  from space 1536K, 100% used [0x00000000ead00000,0x00000000eae80000,0x00000000eae80000)
  to   space 3072K, 0% used [0x00000000eb000000,0x00000000eb000000,0x00000000eb300000)
 ParOldGen       total 107520K, used 101904K [0x00000000c0000000, 0x00000000c6900000, 0x00000000eab00000)
  object space 107520K, 94% used [0x00000000c0000000,0x00000000c6384030,0x00000000c6900000)
 Metaspace       used 79469K, capacity 82662K, committed 82944K, reserved 1124352K
  class space    used 7256K, capacity 8385K, committed 8448K, reserved 1048576K
}
Event: 2894.405 GC heap before
{Heap before GC invocations=4206 (full 108):
 PSYoungGen      total 3584K, used 3584K [0x00000000eab00000, 0x00000000eb300000, 0x0000000100000000)
  eden space 2048K, 100% used [0x00000000eab00000,0x00000000ead00000,0x00000000ead00000)
  from space 1536K, 100% used [0x00000000ead00000,0x00000000eae80000,0x00000000eae80000)
  to   space 3072K, 0% used [0x00000000eb000000,0x00000000eb000000,0x00000000eb300000)
 ParOldGen       total 107520K, used 101904K [0x00000000c0000000, 0x00000000c6900000, 0x00000000eab00000)
  object space 107520K, 94% used [0x00000000c0000000,0x00000000c6384030,0x00000000c6900000)
 Metaspace       used 79470K, capacity 82662K, committed 82944K, reserved 1124352K
  class space    used 7256K, capacity 8385K, committed 8448K, reserved 1048576K
}
Event: 2894.407 GC heap after
{Heap after GC invocations=4206 (full 108):
 PSYoungGen      total 3584K, used 832K [0x00000000eab00000, 0x00000000eb100000, 0x0000000100000000)
  eden space 2560K, 0% used [0x00000000eab00000,0x00000000eab00000,0x00000000ead80000)
  from space 1024K, 81% used [0x00000000eb000000,0x00000000eb0d0000,0x00000000eb100000)
  to   space 1536K, 0% used [0x00000000eae00000,0x00000000eae00000,0x00000000eaf80000)
 ParOldGen       total 107520K, used 103440K [0x00000000c0000000, 0x00000000c6900000, 0x00000000eab00000)
  object space 107520K, 96% used [0x00000000c0000000,0x00000000c6504030,0x00000000c6900000)
 Metaspace       used 79470K, capacity 82662K, committed 82944K, reserved 1124352K
  class space    used 7256K, capacity 8385K, committed 8448K, reserved 1048576K
}
Event: 2894.416 GC heap before
{Heap before GC invocations=4207 (full 108):
 PSYoungGen      total 3584K, used 3392K [0x00000000eab00000, 0x00000000eb100000, 0x0000000100000000)
  eden space 2560K, 100% used [0x00000000eab00000,0x00000000ead80000,0x00000000ead80000)
  from space 1024K, 81% used [0x00000000eb000000,0x00000000eb0d0000,0x00000000eb100000)
  to   space 1536K, 0% used [0x00000000eae00000,0x00000000eae00000,0x00000000eaf80000)
 ParOldGen       total 107520K, used 103440K [0x00000000c0000000, 0x00000000c6900000, 0x00000000eab00000)
  object space 107520K, 96% used [0x00000000c0000000,0x00000000c6504030,0x00000000c6900000)
 Metaspace       used 79473K, capacity 82662K, committed 82944K, reserved 1124352K
  class space    used 7256K, capacity 8385K, committed 8448K, reserved 1048576K
}
Event: 2894.418 GC heap after
{Heap after GC invocations=4207 (full 108):
 PSYoungGen      total 4608K, used 64K [0x00000000eab00000, 0x00000000eb080000, 0x0000000100000000)
  eden space 3072K, 0% used [0x00000000eab00000,0x00000000eab00000,0x00000000eae00000)
  from space 1536K, 4% used [0x00000000eae00000,0x00000000eae10000,0x00000000eaf80000)
  to   space 512K, 0% used [0x00000000eb000000,0x00000000eb000000,0x00000000eb080000)
 ParOldGen       total 107520K, used 104133K [0x00000000c0000000, 0x00000000c6900000, 0x00000000eab00000)
  object space 107520K, 96% used [0x00000000c0000000,0x00000000c65b14b0,0x00000000c6900000)
 Metaspace       used 79473K, capacity 82662K, committed 82944K, reserved 1124352K
  class space    used 7256K, capacity 8385K, committed 8448K, reserved 1048576K
}
Event: 2899.158 GC heap before
{Heap before GC invocations=4208 (full 108):
 PSYoungGen      total 4608K, used 3136K [0x00000000eab00000, 0x00000000eb080000, 0x0000000100000000)
  eden space 3072K, 100% used [0x00000000eab00000,0x00000000eae00000,0x00000000eae00000)
  from space 1536K, 4% used [0x00000000eae00000,0x00000000eae10000,0x00000000eaf80000)
  to   space 512K, 0% used [0x00000000eb000000,0x00000000eb000000,0x00000000eb080000)
 ParOldGen       total 107520K, used 104133K [0x00000000c0000000, 0x00000000c6900000, 0x00000000eab00000)
  object space 107520K, 96% used [0x00000000c0000000,0x00000000c65b14b0,0x00000000c6900000)
 Metaspace       used 79473K, capacity 82662K, committed 82944K, reserved 1124352K
  class space    used 7256K, capacity 8385K, committed 8448K, reserved 1048576K
}
Event: 2899.161 GC heap after
{Heap after GC invocations=4208 (full 108):
 PSYoungGen      total 3584K, used 493K [0x00000000eab00000, 0x00000000eb200000, 0x0000000100000000)
  eden space 3072K, 0% used [0x00000000eab00000,0x00000000eab00000,0x00000000eae00000)
  from space 512K, 96% used [0x00000000eb000000,0x00000000eb07b5c0,0x00000000eb080000)
  to   space 2048K, 0% used [0x00000000eae00000,0x00000000eae00000,0x00000000eb000000)
 ParOldGen       total 107520K, used 105149K [0x00000000c0000000, 0x00000000c6900000, 0x00000000eab00000)
  object space 107520K, 97% used [0x00000000c0000000,0x00000000c66af4b0,0x00000000c6900000)
 Metaspace       used 79473K, capacity 82662K, committed 82944K, reserved 1124352K
  class space    used 7256K, capacity 8385K, committed 8448K, reserved 1048576K
}
Event: 2899.194 GC heap before
{Heap before GC invocations=4209 (full 108):
 PSYoungGen      total 3584K, used 3561K [0x00000000eab00000, 0x00000000eb200000, 0x0000000100000000)
  eden space 3072K, 99% used [0x00000000eab00000,0x00000000eadfef48,0x00000000eae00000)
  from space 512K, 96% used [0x00000000eb000000,0x00000000eb07b5c0,0x00000000eb080000)
  to   space 2048K, 0% used [0x00000000eae00000,0x00000000eae00000,0x00000000eb000000)
 ParOldGen       total 107520K, used 105149K [0x00000000c0000000, 0x00000000c6900000, 0x00000000eab00000)
  object space 107520K, 97% used [0x00000000c0000000,0x00000000c66af4b0,0x00000000c6900000)
 Metaspace       used 79473K, capacity 82662K, committed 82944K, reserved 1124352K
  class space    used 7256K, capacity 8385K, committed 8448K, reserved 1048576K
}
Event: 2899.196 GC heap after
{Heap after GC invocations=4209 (full 108):
 PSYoungGen      total 3584K, used 96K [0x00000000eab00000, 0x00000000eb080000, 0x0000000100000000)
  eden space 3072K, 0% used [0x00000000eab00000,0x00000000eab00000,0x00000000eae00000)
  from space 512K, 18% used [0x00000000eae00000,0x00000000eae18000,0x00000000eae80000)
  to   space 1024K, 0% used [0x00000000eaf80000,0x00000000eaf80000,0x00000000eb080000)
 ParOldGen       total 107520K, used 105234K [0x00000000c0000000, 0x00000000c6900000, 0x00000000eab00000)
  object space 107520K, 97% used [0x00000000c0000000,0x00000000c66c4930,0x00000000c6900000)
 Metaspace       used 79473K, capacity 82662K, committed 82944K, reserved 1124352K
  class space    used 7256K, capacity 8385K, committed 8448K, reserved 1048576K
}
Event: 2899.213 GC heap before
{Heap before GC invocations=4210 (full 108):
 PSYoungGen      total 3584K, used 3168K [0x00000000eab00000, 0x00000000eb080000, 0x0000000100000000)
  eden space 3072K, 100% used [0x00000000eab00000,0x00000000eae00000,0x00000000eae00000)
  from space 512K, 18% used [0x00000000eae00000,0x00000000eae18000,0x00000000eae80000)
  to   space 1024K, 0% used [0x00000000eaf80000,0x00000000eaf80000,0x00000000eb080000)
 ParOldGen       total 107520K, used 105234K [0x00000000c0000000, 0x00000000c6900000, 0x00000000eab00000)
  object space 107520K, 97% used [0x00000000c0000000,0x00000000c66c4930,0x00000000c6900000)
 Metaspace       used 79473K, capacity 82662K, committed 82944K, reserved 1124352K
  class space    used 7256K, capacity 8385K, committed 8448K, reserved 1048576K
}
Event: 2899.216 GC heap after
{Heap after GC invocations=4210 (full 108):
 PSYoungGen      total 1536K, used 1005K [0x00000000eab00000, 0x00000000eb600000, 0x0000000100000000)
  eden space 512K, 0% used [0x00000000eab00000,0x00000000eab00000,0x00000000eab80000)
  from space 1024K, 98% used [0x00000000eaf80000,0x00000000eb07b5c0,0x00000000eb080000)
  to   space 4096K, 0% used [0x00000000eab80000,0x00000000eab80000,0x00000000eaf80000)
 ParOldGen       total 107520K, used 107314K [0x00000000c0000000, 0x00000000c6900000, 0x00000000eab00000)
  object space 107520K, 99% used [0x00000000c0000000,0x00000000c68cc930,0x00000000c6900000)
 Metaspace       used 79473K, capacity 82662K, committed 82944K, reserved 1124352K
  class space    used 7256K, capacity 8385K, committed 8448K, reserved 1048576K
}
Event: 2899.216 GC heap before
{Heap before GC invocations=4211 (full 109):
 PSYoungGen      total 1536K, used 1005K [0x00000000eab00000, 0x00000000eb600000, 0x0000000100000000)
  eden space 512K, 0% used [0x00000000eab00000,0x00000000eab00000,0x00000000eab80000)
  from space 1024K, 98% used [0x00000000eaf80000,0x00000000eb07b5c0,0x00000000eb080000)
  to   space 4096K, 0% used [0x00000000eab80000,0x00000000eab80000,0x00000000eaf80000)
 ParOldGen       total 107520K, used 107314K [0x00000000c0000000, 0x00000000c6900000, 0x00000000eab00000)
  object space 107520K, 99% used [0x00000000c0000000,0x00000000c68cc930,0x00000000c6900000)
 Metaspace       used 79473K, capacity 82662K, committed 82944K, reserved 1124352K
  class space    used 7256K, capacity 8385K, committed 8448K, reserved 1048576K
}

Deoptimization events (20 events):
Event: 2877.527 Thread 0x0000022e148e8800 Uncommon trap: trap_request=0xffffffc6 fr.pc=0x0000022e08803174 relative=0x0000000000000574
Event: 2877.527 Thread 0x0000022e148e8800 Uncommon trap: reason=bimorphic_or_optimized_type_check action=maybe_recompile pc=0x0000022e08803174 method=org.eclipse.jdt.internal.core.hierarchy.HierarchyResolver.subTypeOfType(Lorg/eclipse/jdt/internal/compiler/lookup/ReferenceBinding;Lorg/eclipse/jdt
Event: 2877.527 Thread 0x0000022e148e8800 DEOPT PACKING pc=0x0000022e08803174 sp=0x0000005531bfddb0
Event: 2877.527 Thread 0x0000022e148e8800 DEOPT UNPACKING pc=0x0000022e0002702f sp=0x0000005531bfdd60 mode 2
Event: 2881.408 Thread 0x0000022e148e8800 Uncommon trap: trap_request=0xffffff4d fr.pc=0x0000022e088fd660 relative=0x0000000000000480
Event: 2881.408 Thread 0x0000022e148e8800 Uncommon trap: reason=unstable_if action=reinterpret pc=0x0000022e088fd660 method=org.eclipse.jdt.core.dom.DefaultBindingResolver.resolveExpressionType(Lorg/eclipse/jdt/core/dom/Expression;)Lorg/eclipse/jdt/core/dom/ITypeBinding; @ 4 c2
Event: 2881.408 Thread 0x0000022e148e8800 DEOPT PACKING pc=0x0000022e088fd660 sp=0x0000005531bfe8e0
Event: 2881.408 Thread 0x0000022e148e8800 DEOPT UNPACKING pc=0x0000022e0002702f sp=0x0000005531bfe860 mode 2
Event: 2893.680 Thread 0x0000022e148e9800 Uncommon trap: trap_request=0xffffffc6 fr.pc=0x0000022e08803174 relative=0x0000000000000574
Event: 2893.680 Thread 0x0000022e148e9800 Uncommon trap: reason=bimorphic_or_optimized_type_check action=maybe_recompile pc=0x0000022e08803174 method=org.eclipse.jdt.internal.core.hierarchy.HierarchyResolver.subTypeOfType(Lorg/eclipse/jdt/internal/compiler/lookup/ReferenceBinding;Lorg/eclipse/jdt
Event: 2893.680 Thread 0x0000022e148e9800 DEOPT PACKING pc=0x0000022e08803174 sp=0x0000005531afdad0
Event: 2893.680 Thread 0x0000022e148e9800 DEOPT UNPACKING pc=0x0000022e0002702f sp=0x0000005531afda80 mode 2
Event: 2894.402 Thread 0x0000022e148e9800 Uncommon trap: trap_request=0xffffffc6 fr.pc=0x0000022e08803174 relative=0x0000000000000574
Event: 2894.402 Thread 0x0000022e148e9800 Uncommon trap: reason=bimorphic_or_optimized_type_check action=maybe_recompile pc=0x0000022e08803174 method=org.eclipse.jdt.internal.core.hierarchy.HierarchyResolver.subTypeOfType(Lorg/eclipse/jdt/internal/compiler/lookup/ReferenceBinding;Lorg/eclipse/jdt
Event: 2894.403 Thread 0x0000022e148e9800 DEOPT PACKING pc=0x0000022e08803174 sp=0x0000005531afdad0
Event: 2894.403 Thread 0x0000022e148e9800 DEOPT UNPACKING pc=0x0000022e0002702f sp=0x0000005531afda80 mode 2
Event: 2899.144 Thread 0x0000022e148e9800 Uncommon trap: trap_request=0xffffff4d fr.pc=0x0000022e0874cb60 relative=0x0000000000000960
Event: 2899.144 Thread 0x0000022e148e9800 Uncommon trap: reason=unstable_if action=reinterpret pc=0x0000022e0874cb60 method=org.eclipse.jdt.internal.codeassist.SelectionEngine.checkSelection([CIIZ)Z @ 297 c2
Event: 2899.144 Thread 0x0000022e148e9800 DEOPT PACKING pc=0x0000022e0874cb60 sp=0x0000005531afe440
Event: 2899.144 Thread 0x0000022e148e9800 DEOPT UNPACKING pc=0x0000022e0002702f sp=0x0000005531afe390 mode 2

Classes redefined (0 events):
No events

Internal exceptions (20 events):
Event: 2745.589 Thread 0x0000022e148e7800 Exception <a 'java/lang/ArrayIndexOutOfBoundsException'{0x00000000eacdae10}> (0x00000000eacdae10) thrown at [./src/hotspot/share/runtime/sharedRuntime.cpp, line 584]
Event: 2745.589 Thread 0x0000022e148e7800 Exception <a 'java/lang/ArrayIndexOutOfBoundsException'{0x00000000eacdb160}> (0x00000000eacdb160) thrown at [./src/hotspot/share/runtime/sharedRuntime.cpp, line 584]
Event: 2745.589 Thread 0x0000022e148e7800 Exception <a 'java/lang/ArrayIndexOutOfBoundsException'{0x00000000eace2b08}> (0x00000000eace2b08) thrown at [./src/hotspot/share/runtime/sharedRuntime.cpp, line 584]
Event: 2745.597 Thread 0x0000022e148e7800 Exception <a 'java/lang/ArrayIndexOutOfBoundsException'{0x00000000eac4e528}> (0x00000000eac4e528) thrown at [./src/hotspot/share/runtime/sharedRuntime.cpp, line 584]
Event: 2745.597 Thread 0x0000022e148e7800 Exception <a 'java/lang/ArrayIndexOutOfBoundsException'{0x00000000eac4e8b0}> (0x00000000eac4e8b0) thrown at [./src/hotspot/share/runtime/sharedRuntime.cpp, line 584]
Event: 2745.597 Thread 0x0000022e148e7800 Exception <a 'java/lang/ArrayIndexOutOfBoundsException'{0x00000000eac4ec00}> (0x00000000eac4ec00) thrown at [./src/hotspot/share/runtime/sharedRuntime.cpp, line 584]
Event: 2745.597 Thread 0x0000022e148e7800 Exception <a 'java/lang/ArrayIndexOutOfBoundsException'{0x00000000eac56428}> (0x00000000eac56428) thrown at [./src/hotspot/share/runtime/sharedRuntime.cpp, line 584]
Event: 2745.605 Thread 0x0000022e148e7800 Exception <a 'java/lang/ArrayIndexOutOfBoundsException'{0x00000000eab1a920}> (0x00000000eab1a920) thrown at [./src/hotspot/share/runtime/sharedRuntime.cpp, line 584]
Event: 2745.605 Thread 0x0000022e148e7800 Exception <a 'java/lang/ArrayIndexOutOfBoundsException'{0x00000000eab1aca8}> (0x00000000eab1aca8) thrown at [./src/hotspot/share/runtime/sharedRuntime.cpp, line 584]
Event: 2745.605 Thread 0x0000022e148e7800 Exception <a 'java/lang/ArrayIndexOutOfBoundsException'{0x00000000eab1aff8}> (0x00000000eab1aff8) thrown at [./src/hotspot/share/runtime/sharedRuntime.cpp, line 584]
Event: 2745.605 Thread 0x0000022e148e7800 Exception <a 'java/lang/ArrayIndexOutOfBoundsException'{0x00000000eab225c0}> (0x00000000eab225c0) thrown at [./src/hotspot/share/runtime/sharedRuntime.cpp, line 584]
Event: 2812.384 Thread 0x0000022e148ea000 Implicit null exception at 0x0000022e087a2654 to 0x0000022e087a3074
Event: 2846.616 Thread 0x0000022e148e8800 Exception <a 'java/lang/ArrayIndexOutOfBoundsException'{0x00000000eabde730}: Index 181 out of bounds for length 181> (0x00000000eabde730) thrown at [./src/hotspot/share/interpreter/interpreterRuntime.cpp, line 444]
Event: 2846.616 Thread 0x0000022e148e8800 Exception <a 'java/lang/ArrayIndexOutOfBoundsException'{0x00000000eabdecf8}: Index 182 out of bounds for length 181> (0x00000000eabdecf8) thrown at [./src/hotspot/share/interpreter/interpreterRuntime.cpp, line 444]
Event: 2846.616 Thread 0x0000022e148e8800 Exception <a 'java/lang/ArrayIndexOutOfBoundsException'{0x00000000eabe05d0}: Index 181 out of bounds for length 181> (0x00000000eabe05d0) thrown at [./src/hotspot/share/interpreter/interpreterRuntime.cpp, line 444]
Event: 2846.616 Thread 0x0000022e148e8800 Exception <a 'java/lang/ArrayIndexOutOfBoundsException'{0x00000000eabe0b98}: Index 182 out of bounds for length 181> (0x00000000eabe0b98) thrown at [./src/hotspot/share/interpreter/interpreterRuntime.cpp, line 444]
Event: 2850.549 Thread 0x0000022e148e9800 Exception <a 'java/lang/ArrayIndexOutOfBoundsException'{0x00000000eabbf840}: Index 192 out of bounds for length 192> (0x00000000eabbf840) thrown at [./src/hotspot/share/interpreter/interpreterRuntime.cpp, line 444]
Event: 2881.327 Thread 0x0000022e148e8800 Exception <a 'java/lang/ArrayIndexOutOfBoundsException'{0x00000000eac88108}: Index 4347 out of bounds for length 4347> (0x00000000eac88108) thrown at [./src/hotspot/share/interpreter/interpreterRuntime.cpp, line 444]
Event: 2883.433 Thread 0x0000022e148e8800 Exception <a 'java/lang/ArrayIndexOutOfBoundsException'{0x00000000eabfbf38}> (0x00000000eabfbf38) thrown at [./src/hotspot/share/runtime/sharedRuntime.cpp, line 584]
Event: 2884.850 Thread 0x0000022e148e8800 Exception <a 'java/lang/ArrayIndexOutOfBoundsException'{0x00000000eac73b58}> (0x00000000eac73b58) thrown at [./src/hotspot/share/runtime/sharedRuntime.cpp, line 584]

Events (20 events):
Event: 2894.368 Executing VM operation: ParallelGCFailedAllocation done
Event: 2894.371 Executing VM operation: ParallelGCFailedAllocation
Event: 2894.372 Executing VM operation: ParallelGCFailedAllocation done
Event: 2894.378 Executing VM operation: ParallelGCFailedAllocation
Event: 2894.379 Executing VM operation: ParallelGCFailedAllocation done
Event: 2894.385 Executing VM operation: ParallelGCFailedAllocation
Event: 2894.387 Executing VM operation: ParallelGCFailedAllocation done
Event: 2894.395 Executing VM operation: ParallelGCFailedAllocation
Event: 2894.398 Executing VM operation: ParallelGCFailedAllocation done
Event: 2894.405 Executing VM operation: ParallelGCFailedAllocation
Event: 2894.407 Executing VM operation: ParallelGCFailedAllocation done
Event: 2894.408 Executing VM operation: RevokeBias
Event: 2894.408 Executing VM operation: RevokeBias done
Event: 2894.416 Executing VM operation: ParallelGCFailedAllocation
Event: 2894.418 Executing VM operation: ParallelGCFailedAllocation done
Event: 2899.158 Executing VM operation: ParallelGCFailedAllocation
Event: 2899.161 Executing VM operation: ParallelGCFailedAllocation done
Event: 2899.194 Executing VM operation: ParallelGCFailedAllocation
Event: 2899.196 Executing VM operation: ParallelGCFailedAllocation done
Event: 2899.212 Executing VM operation: ParallelGCFailedAllocation


Dynamic libraries:
0x00007ff6b1060000 - 0x00007ff6b106d000 	C:\Program Files\AdoptOpenJDK\jdk-11.0.10.9-hotspot\bin\java.exe
0x00007ffd09bc0000 - 0x00007ffd09da1000 	C:\WINDOWS\SYSTEM32\ntdll.dll
0x00007ffd08580000 - 0x00007ffd08631000 	C:\WINDOWS\System32\KERNEL32.DLL
0x00007ffd05fc0000 - 0x00007ffd06233000 	C:\WINDOWS\System32\KERNELBASE.dll
0x00007ffd06760000 - 0x00007ffd06858000 	C:\WINDOWS\System32\ucrtbase.dll
0x00007ffcd5220000 - 0x00007ffcd5235000 	C:\Program Files\AdoptOpenJDK\jdk-11.0.10.9-hotspot\bin\VCRUNTIME140.dll
0x00007ffcd4110000 - 0x00007ffcd4127000 	C:\Program Files\AdoptOpenJDK\jdk-11.0.10.9-hotspot\bin\jli.dll
0x00007ffd076d0000 - 0x00007ffd07860000 	C:\WINDOWS\System32\USER32.dll
0x00007ffd06860000 - 0x00007ffd06880000 	C:\WINDOWS\System32\win32u.dll
0x00007ffd08550000 - 0x00007ffd08578000 	C:\WINDOWS\System32\GDI32.dll
0x00007ffd06510000 - 0x00007ffd066a4000 	C:\WINDOWS\System32\gdi32full.dll
0x00007ffd06880000 - 0x00007ffd0691f000 	C:\WINDOWS\System32\msvcp_win.dll
0x00007ffcfc490000 - 0x00007ffcfc6f9000 	C:\WINDOWS\WinSxS\amd64_microsoft.windows.common-controls_6595b64144ccf1df_6.0.17134.2026_none_d3fdbb717c923c14\COMCTL32.dll
0x00007ffd09a90000 - 0x00007ffd09b2e000 	C:\WINDOWS\System32\msvcrt.dll
0x00007ffd07110000 - 0x00007ffd07432000 	C:\WINDOWS\System32\combase.dll
0x00007ffd075a0000 - 0x00007ffd076c3000 	C:\WINDOWS\System32\RPCRT4.dll
0x00007ffd06430000 - 0x00007ffd064a9000 	C:\WINDOWS\System32\bcryptPrimitives.dll
0x00007ffd07a70000 - 0x00007ffd07a9d000 	C:\WINDOWS\System32\IMM32.DLL
0x00007ffccdd70000 - 0x00007ffccde0b000 	C:\Program Files\AdoptOpenJDK\jdk-11.0.10.9-hotspot\bin\msvcp140.dll
0x00007ffcb33f0000 - 0x00007ffcb3f33000 	C:\Program Files\AdoptOpenJDK\jdk-11.0.10.9-hotspot\bin\server\jvm.dll
0x00007ffd084a0000 - 0x00007ffd08541000 	C:\WINDOWS\System32\ADVAPI32.dll
0x00007ffd07860000 - 0x00007ffd078bb000 	C:\WINDOWS\System32\sechost.dll
0x00007ffd078c0000 - 0x00007ffd078c8000 	C:\WINDOWS\System32\PSAPI.DLL
0x00007ffcfa960000 - 0x00007ffcfa969000 	C:\WINDOWS\SYSTEM32\WSOCK32.dll
0x00007ffd078d0000 - 0x00007ffd0793c000 	C:\WINDOWS\System32\WS2_32.dll
0x00007ffcfb5e0000 - 0x00007ffcfb603000 	C:\WINDOWS\SYSTEM32\WINMM.dll
0x00007ffcfc750000 - 0x00007ffcfc75a000 	C:\WINDOWS\SYSTEM32\VERSION.dll
0x00007ffcfb5b0000 - 0x00007ffcfb5da000 	C:\WINDOWS\SYSTEM32\WINMMBASE.dll
0x00007ffd05f70000 - 0x00007ffd05fb9000 	C:\WINDOWS\System32\cfgmgr32.dll
0x00007ffd05f50000 - 0x00007ffd05f61000 	C:\WINDOWS\System32\kernel.appcore.dll
0x00007ffcfbed0000 - 0x00007ffcfbee0000 	C:\Program Files\AdoptOpenJDK\jdk-11.0.10.9-hotspot\bin\verify.dll
0x00007ffcf4e30000 - 0x00007ffcf4ff9000 	C:\WINDOWS\SYSTEM32\DBGHELP.DLL
0x00007ffcf48d0000 - 0x00007ffcf48f9000 	C:\WINDOWS\SYSTEM32\dbgcore.DLL
0x00007ffcd3ac0000 - 0x00007ffcd3ae8000 	C:\Program Files\AdoptOpenJDK\jdk-11.0.10.9-hotspot\bin\java.dll
0x00007ffcf5520000 - 0x00007ffcf552a000 	C:\Program Files\AdoptOpenJDK\jdk-11.0.10.9-hotspot\bin\jimage.dll
0x00007ffcd3900000 - 0x00007ffcd3917000 	C:\Program Files\AdoptOpenJDK\jdk-11.0.10.9-hotspot\bin\zip.dll
0x00007ffd08640000 - 0x00007ffd09a85000 	C:\WINDOWS\System32\SHELL32.dll
0x00007ffd07940000 - 0x00007ffd079e8000 	C:\WINDOWS\System32\shcore.dll
0x00007ffd06920000 - 0x00007ffd07033000 	C:\WINDOWS\System32\windows.storage.dll
0x00007ffd08320000 - 0x00007ffd08371000 	C:\WINDOWS\System32\shlwapi.dll
0x00007ffd05f20000 - 0x00007ffd05f3f000 	C:\WINDOWS\System32\profapi.dll
0x00007ffd05ed0000 - 0x00007ffd05f1c000 	C:\WINDOWS\System32\powrprof.dll
0x00007ffd05f40000 - 0x00007ffd05f4a000 	C:\WINDOWS\System32\FLTLIB.DLL
0x00007ffcd2420000 - 0x00007ffcd2439000 	C:\Program Files\AdoptOpenJDK\jdk-11.0.10.9-hotspot\bin\net.dll
0x00007ffcfe050000 - 0x00007ffcfe12d000 	C:\WINDOWS\SYSTEM32\WINHTTP.dll
0x00007ffd05680000 - 0x00007ffd056e6000 	C:\WINDOWS\system32\mswsock.dll
0x00007ffcd2400000 - 0x00007ffcd2412000 	C:\Program Files\AdoptOpenJDK\jdk-11.0.10.9-hotspot\bin\nio.dll
0x00007ffd05c10000 - 0x00007ffd05c27000 	C:\WINDOWS\SYSTEM32\CRYPTSP.dll
0x00007ffd05240000 - 0x00007ffd05273000 	C:\WINDOWS\system32\rsaenh.dll
0x00007ffd05a40000 - 0x00007ffd05a65000 	C:\WINDOWS\SYSTEM32\bcrypt.dll
0x00007ffd05db0000 - 0x00007ffd05dd8000 	C:\WINDOWS\SYSTEM32\USERENV.dll
0x00007ffd057e0000 - 0x00007ffd057eb000 	C:\WINDOWS\SYSTEM32\CRYPTBASE.dll
0x00007ffd053e0000 - 0x00007ffd05418000 	C:\WINDOWS\SYSTEM32\IPHLPAPI.DLL
0x00007ffd07d10000 - 0x00007ffd07d18000 	C:\WINDOWS\System32\NSI.dll
0x00007ffd02530000 - 0x00007ffd02546000 	C:\WINDOWS\SYSTEM32\dhcpcsvc6.DLL
0x00007ffd02510000 - 0x00007ffd0252a000 	C:\WINDOWS\SYSTEM32\dhcpcsvc.DLL
0x00007ffcd0bc0000 - 0x00007ffcd0bea000 	C:\Users\tech coordinator\AppData\Roaming\Code\User\globalStorage\redhat.java\0.75.0\config_win\org.eclipse.equinox.launcher\org.eclipse.equinox.launcher.win32.win32.x86_64_1.2.0.v20200915-1442\eclipse_11100.dll
0x00007ffcd0ba0000 - 0x00007ffcd0bb1000 	C:\Users\tech coordinator\AppData\Roaming\Code\User\globalStorage\redhat.java\0.75.0\config_win\org.eclipse.osgi\23\0\.cp\jWinHttp-1.0.0.dll
0x00007ffd07440000 - 0x00007ffd07592000 	C:\WINDOWS\System32\ole32.dll
0x00007ffcf1690000 - 0x00007ffcf169e000 	C:\Program Files\AdoptOpenJDK\jdk-11.0.10.9-hotspot\bin\sunmscapi.dll
0x00007ffd06240000 - 0x00007ffd06422000 	C:\WINDOWS\System32\CRYPT32.dll
0x00007ffd05eb0000 - 0x00007ffd05ec2000 	C:\WINDOWS\System32\MSASN1.dll
0x00007ffd05920000 - 0x00007ffd05946000 	C:\WINDOWS\SYSTEM32\ncrypt.dll
0x00007ffd058e0000 - 0x00007ffd05916000 	C:\WINDOWS\SYSTEM32\NTASN1.dll
0x00007ffcd0b70000 - 0x00007ffcd0b95000 	C:\Program Files\AdoptOpenJDK\jdk-11.0.10.9-hotspot\bin\sunec.dll
0x00007ffd05420000 - 0x00007ffd054de000 	C:\WINDOWS\SYSTEM32\DNSAPI.dll
0x000000006e820000 - 0x000000006e846000 	C:\Program Files\Bonjour\mdnsNSP.dll
0x00007ffcfdf70000 - 0x00007ffcfdf7a000 	C:\Windows\System32\rasadhlp.dll
0x00007ffd02550000 - 0x00007ffd025c2000 	C:\WINDOWS\System32\fwpuclnt.dll

dbghelp: loaded successfully - version: 4.0.5 - missing functions: none
symbol engine: initialized successfully - sym options: 0x614 - pdb path: .;C:\Program Files\AdoptOpenJDK\jdk-11.0.10.9-hotspot\bin;C:\WINDOWS\SYSTEM32;C:\WINDOWS\WinSxS\amd64_microsoft.windows.common-controls_6595b64144ccf1df_6.0.17134.2026_none_d3fdbb717c923c14;C:\Program Files\AdoptOpenJDK\jdk-11.0.10.9-hotspot\bin\server;C:\Users\tech coordinator\AppData\Roaming\Code\User\globalStorage\redhat.java\0.75.0\config_win\org.eclipse.equinox.launcher\org.eclipse.equinox.launcher.win32.win32.x86_64_1.2.0.v20200915-1442;C:\Users\tech coordinator\AppData\Roaming\Code\User\globalStorage\redhat.java\0.75.0\config_win\org.eclipse.osgi\23\0\.cp;C:\Program Files\Bonjour

VM Arguments:
jvm_args: --add-modules=ALL-SYSTEM --add-opens=java.base/java.util=ALL-UNNAMED --add-opens=java.base/java.lang=ALL-UNNAMED -Declipse.application=org.eclipse.jdt.ls.core.id1 -Dosgi.bundles.defaultStartLevel=4 -Declipse.product=org.eclipse.jdt.ls.core.product -Dfile.encoding=utf8 -DwatchParentProcess=false -XX:+UseParallelGC -XX:GCTimeRatio=4 -XX:AdaptiveSizePolicyWeight=90 -Dsun.zip.disableMemoryMapping=true -Xmx1G -Xms100m -Xverify:none 
java_command: c:\Users\tech coordinator\.vscode\extensions\redhat.java-0.75.0\server\plugins\org.eclipse.equinox.launcher_1.6.0.v20200915-1508.jar -configuration c:\Users\tech coordinator\AppData\Roaming\Code\User\globalStorage\redhat.java\0.75.0\config_win -data c:\Users\tech coordinator\AppData\Roaming\Code\User\workspaceStorage\c57c81817d113da2eaee986a0ae9473c\redhat.java\jdt_ws
java_class_path (initial): c:\Users\tech coordinator\.vscode\extensions\redhat.java-0.75.0\server\plugins\org.eclipse.equinox.launcher_1.6.0.v20200915-1508.jar
Launcher Type: SUN_STANDARD

[Global flags]
    uintx AdaptiveSizePolicyWeight                 = 90                                        {product} {command line}
     bool BytecodeVerificationLocal                = false                                     {product} {command line}
     bool BytecodeVerificationRemote               = false                                     {product} {command line}
     intx CICompilerCount                          = 3                                         {product} {ergonomic}
    uintx GCTimeRatio                              = 4                                         {product} {command line}
   size_t InitialHeapSize                          = 104857600                                 {product} {command line}
   size_t MaxHeapSize                              = 1073741824                                {product} {command line}
   size_t MaxNewSize                               = 357564416                                 {product} {ergonomic}
   size_t MinHeapDeltaBytes                        = 524288                                    {product} {ergonomic}
   size_t NewSize                                  = 34603008                                  {product} {ergonomic}
    uintx NonNMethodCodeHeapSize                   = 5830732                                {pd product} {ergonomic}
    uintx NonProfiledCodeHeapSize                  = 122913754                              {pd product} {ergonomic}
   size_t OldSize                                  = 70254592                                  {product} {ergonomic}
    uintx ProfiledCodeHeapSize                     = 122913754                              {pd product} {ergonomic}
    uintx ReservedCodeCacheSize                    = 251658240                              {pd product} {ergonomic}
     bool SegmentedCodeCache                       = true                                      {product} {ergonomic}
     bool UseCompressedClassPointers               = true                                 {lp64_product} {ergonomic}
     bool UseCompressedOops                        = true                                 {lp64_product} {ergonomic}
     bool UseLargePagesIndividualAllocation        = false                                  {pd product} {ergonomic}
     bool UseParallelGC                            = true                                      {product} {command line}

Logging:
Log output configuration:
 #0: stdout all=warning uptime,level,tags
 #1: stderr all=off uptime,level,tags

Environment Variables:
PATH=C:\Program Files\AdoptOpenJDK\jdk-11.0.10.9-hotspot\bin;C:\Python39\Scripts\;C:\Python39\;C:\Program Files (x86)\Common Files\Oracle\Java\javapath;C:\ProgramData\Oracle\Java\javapath;C:\WINDOWS\system32;C:\WINDOWS;C:\WINDOWS\System32\Wbem;C:\WINDOWS\System32\WindowsPowerShell\v1.0\;C:\WINDOWS\System32\OpenSSH\;C:\Program Files\PuTTY\;C:\Program Files\Java\jdk1.8.0_202\bin;C:\Program Files\Git\cmd;C:\Program Files\Microsoft VS Code\bin;C:\ProgramData\chocolatey\bin;C:\Program Files\nodejs\;C:\Program Files\Docker\Docker\resources\bin;C:\ProgramData\DockerDesktop\version-bin;C:\Users\tech coordinator\youtube-dl\bin;C:\Users\tech coordinator\AppData\Local\Microsoft\WindowsApps;C:\Users\tech coordinator\AppData\Local\GitHubDesktop\bin;C:\Users\tech coordinator\AppData\Local\atom\bin;C:\Users\tech coordinator\AppData\Roaming\npm
USERNAME=tech coordinator
OS=Windows_NT
PROCESSOR_IDENTIFIER=Intel64 Family 6 Model 58 Stepping 9, GenuineIntel



---------------  S Y S T E M  ---------------

OS: Windows 10 , 64 bit Build 17134 (10.0.17134.1425)
OS uptime: 0 days 3:14 hours
Hyper-V role detected

CPU:total 4 (initial active 4) (4 cores per cpu, 1 threads per core) family 6 model 58 stepping 9 microcode 0x20, cmov, cx8, fxsr, mmx, sse, sse2, sse3, ssse3, sse4.1, sse4.2, popcnt, avx, aes, clmul, erms, tsc, tscinvbit, tscinv

Memory: 4k page, system-wide physical 8080M (2133M free)
TotalPageFile size 9360M (AvailPageFile size 2451M)
current process WorkingSet (physical memory assigned to process): 381M, peak: 481M
current process commit charge ("private bytes"): 412M, peak: 500M

vm_info: OpenJDK 64-Bit Server VM (11.0.10+9) for windows-amd64 JRE (11.0.10+9), built on Jan 20 2021 06:07:07 by "" with MS VC++ 15.9 (VS2017)

END.
